<?xml version="1.0" encoding="UTF-8"?>
<!-- Generated by org.testng.reporters.JUnitReportReporter -->
<testsuite skipped="0" hostname="Vishal-PC" name="testCases.FirstEndToEndTest" tests="1" failures="0" timestamp="14 Oct 2018 04:21:53 GMT" time="20.981" errors="0">
  <testcase name="firstTest" time="20.981" classname="testCases.FirstEndToEndTest"/>
</testsuite> <!-- testCases.FirstEndToEndTest -->
