<?xml version="1.0" encoding="UTF-8"?>
<!-- Generated by org.testng.reporters.JUnitReportReporter -->
<testsuite skipped="0" hostname="Vishal-PC" name="testCases.SecondEndToEndTest" tests="1" failures="0" timestamp="14 Oct 2018 04:21:53 GMT" time="24.965" errors="0">
  <testcase name="secondTest" time="24.965" classname="testCases.SecondEndToEndTest"/>
</testsuite> <!-- testCases.SecondEndToEndTest -->
