<?xml version="1.0" encoding="UTF-8"?>
<!-- Generated by org.testng.reporters.JUnitReportReporter -->
<testsuite skipped="0" hostname="Vishal-PC" name="testCases.ThirdEndToEndTest" tests="1" failures="0" timestamp="14 Oct 2018 04:21:53 GMT" time="19.664" errors="0">
  <testcase name="thirdTest" time="19.664" classname="testCases.ThirdEndToEndTest"/>
</testsuite> <!-- testCases.ThirdEndToEndTest -->
